Library/Bee/Android/Prj/Mono2x/Gradle/launcher/build/outputs/mapping/release/seeds.txt
com.unity3d.player.UnityPlayer$e: int a
com.unity3d.player.UnityPlayer$C: int g
com.unity3d.player.ReflectionHelper$c: long a
com.unity3d.player.j: int d
com.unity3d.player.UnityPlayer$q: float a
com.unity3d.player.z: com.unity3d.player.C a
com.unity3d.player.UnityPlayer$C: com.unity3d.player.UnityPlayer$z d
com.unity3d.player.UnityPlayer: int mNaturalOrientation
com.unity3d.player.j: android.media.AudioManager b
com.unity3d.player.F: com.unity3d.player.E a
com.unity3d.player.h: com.unity3d.player.IAssetPackManagerStatusQueryCallback a
com.unity3d.player.UnityPlayer: android.content.BroadcastReceiver mKillingIsMyBusiness
com.google.androidgamesdk.SwappyDisplayManager: android.app.Activity mActivity
com.unity3d.player.UnityPlayer$C: int h
com.unity3d.player.s: android.graphics.Rect f
com.unity3d.player.UnityPlayer$B: com.unity3d.player.UnityPlayer$B j
com.unity3d.player.UnityPlayer$C: int e
com.unity3d.player.PlatformSupport: boolean MARSHMALLOW_SUPPORT
com.unity3d.player.N: long h
com.unity3d.player.l: com.unity3d.player.j c
com.unity3d.player.s: android.hardware.camera2.CaptureRequest$Builder q
com.unity3d.player.R$string: int FreeformWindowOrientation_portrait
com.google.androidgamesdk.SwappyDisplayManager: android.view.WindowManager mWindowManager
com.unity3d.player.s: java.lang.Object s
com.unity3d.player.R$string: int FreeformWindowSize_phone
com.unity3d.player.UnityPlayer$b: java.lang.String h
com.unity3d.player.UnityPlayer: com.unity3d.player.UnityPlayer$C m_MainThread
com.unity3d.player.UnityPlayer$l: boolean b
com.unity3d.player.UnityPlayer$f: com.unity3d.player.UnityPlayer b
com.unity3d.player.UnityPlayer$d: java.lang.String a
com.unity3d.player.a: float a
com.unity3d.player.B: int b
com.unity3d.player.T: com.unity3d.player.V a
org.fmod.a: org.fmod.FMODAudioDevice a
com.unity3d.player.Q: long g
com.unity3d.player.C: android.content.Context a
com.unity.androidnotifications.UnityNotificationManager: java.lang.String KEY_REPEAT_INTERVAL
com.unity3d.player.d: com.unity3d.player.IAssetPackManagerMobileDataConfirmationCallback a
com.unity3d.player.i: java.lang.Object c
com.unity3d.player.N: android.content.Context a
com.unity3d.player.UnityPlayer$h: com.unity3d.player.UnityPlayer e
org.fmod.a: android.media.AudioRecord g
com.unity3d.player.UnityPlayer$b: boolean k
com.unity3d.player.ReflectionHelper: boolean LOGV
com.unity3d.player.UnityPlayer$B: com.unity3d.player.UnityPlayer$B c
com.unity3d.player.V: java.util.concurrent.locks.Lock e
com.unity3d.player.UnityPlayer$t: java.util.concurrent.Semaphore c
com.unity.androidnotifications.UnityNotificationManager: java.lang.String KEY_BIG_CONTENT_DESCRIPTION
com.unity3d.player.UnityPlayer: com.unity3d.player.C mSoftInputDialog
com.unity3d.player.q: com.unity3d.player.s a
com.unity3d.player.u: boolean a
com.unity3d.player.UnityPlayer$v: java.util.concurrent.Semaphore a
com.unity3d.player.UnityPlayer: com.unity3d.player.UnityPlayer$A m_PhoneCallListener
com.unity3d.player.b: long d
com.unity3d.player.s: android.graphics.SurfaceTexture$OnFrameAvailableListener A
com.unity3d.player.b: java.lang.String b
com.unity3d.player.J: com.unity3d.player.a a
com.unity3d.player.UnityPlayer: boolean mQuitting
com.unity3d.player.s: int t
com.unity3d.player.UnityPlayer$e: com.unity3d.player.UnityPlayer b
com.unity3d.player.s: android.media.ImageReader$OnImageAvailableListener z
com.unity.androidnotifications.UnityNotificationManager: java.lang.String KEY_BIG_CONTENT_TITLE
com.google.androidgamesdk.ChoreographerCallback: java.lang.String LOG_TAG
com.unity3d.player.s: com.unity3d.player.r w
com.unity3d.player.PlayAssetDeliveryUnityWrapper: com.unity3d.player.PlayAssetDeliveryUnityWrapper b
com.unity3d.player.s: android.os.Handler d
com.unity3d.player.N: android.view.SurfaceView b
com.unity3d.player.UnityPlayer: boolean mProcessKillRequested
com.unity3d.player.UnityPlayer: java.lang.String LAUNCH_FULLSCREEN