Library/Bee/Android/Prj/Mono2x/Gradle/launcher/build/outputs/mapping/release/mapping.txt
# compiler: R8
# compiler_version: 3.1.66
# min_api: 22
# pg_map_id: ad612c5
# common_typos_disable
# {"id":"com.android.tools.r8.mapping","version":"1.0"}
...
com.samsung.android.gamesdk.GameSDKManager -> b.a:
    int[] mEmptyIntArrary -> d
    com.samsung.android.gamesdk.IGameSDKService mService -> a
    float mServiceVersion -> c
    com.samsung.android.gamesdk.GameSDKManager$Listener mListener -> b
    java.lang.String getVersion() -> a
    boolean setCpuBoostMode(int) -> b
    boolean setGpuBoostMode(int) -> c
    void updateServiceVersion() -> d
com.samsung.android.gamesdk.GameSDKManager$Listener -> b.a$a:
com.unity.androidnotifications.NotificationChannelWrapper -> com.unity.androidnotifications.a:
    int lockscreenVisibility -> j
    java.lang.String group -> k
    boolean enableLights -> e
    boolean enableVibration -> f
    java.lang.String id -> a
    boolean canBypassDnd -> g
    boolean canShowBadge -> h
    java.lang.String name -> b
    int importance -> c
    long[] vibrationPattern -> i
    java.lang.String description -> d
com.unity.androidnotifications.UnityNotificationBackgroundThread -> com.unity.androidnotifications.c:
    java.util.concurrent.LinkedTransferQueue mTasks -> a
    com.unity.androidnotifications.UnityNotificationManager mManager -> c
    java.util.concurrent.ConcurrentHashMap mScheduledNotifications -> b
    int mTasksSinceHousekeeping -> d
    void -$$Nest$mperformHousekeeping(com.unity.androidnotifications.UnityNotificationBackgroundThread,java.util.Set) -> a
      # {"id":"com.android.tools.r8.synthesized"}
    void enqueueCancelAllNotifications() -> b
    void enqueueCancelNotification(int) -> c
    void enqueueHousekeeping() -> d
    void enqueueNotification(int,android.app.Notification$Builder,boolean,boolean) -> e
    boolean executeTask(com.unity.androidnotifications.UnityNotificationManager,com.unity.androidnotifications.UnityNotificationBackgroundThread$Task,java.util.concurrent.ConcurrentHashMap) -> f
    void loadNotifications() -> g
    void performHousekeeping(java.util.Set) -> h
com.unity.androidnotifications.UnityNotificationBackgroundThread$CancelAllNotificationsTask -> com.unity.androidnotifications.c$a:
    boolean run(com.unity.androidnotifications.UnityNotificationManager,java.util.concurrent.ConcurrentHashMap) -> a
com.unity.androidnotifications.UnityNotificationBackgroundThread$CancelAllNotificationsTask-IA -> com.unity.androidnotifications.b:
# {"id":"sourceFile","fileName":"R8$$SyntheticClass"}
# {"id":"com.android.tools.r8.synthesized"}
com.unity.androidnotifications.UnityNotificationBackgroundThread$CancelNotificationTask -> com.unity.androidnotifications.c$b:
    int notificationId -> a
    boolean run(com.unity.androidnotifications.UnityNotificationManager,java.util.concurrent.ConcurrentHashMap) -> a
com.unity.androidnotifications.UnityNotificationBackgroundThread$HousekeepingTask -> com.unity.androidnotifications.c$c:
    com.unity.androidnotifications.UnityNotificationBackgroundThread thread -> a
    boolean run(com.unity.androidnotifications.UnityNotificationManager,java.util.concurrent.ConcurrentHashMap) -> a
com.unity.androidnotifications.UnityNotificationBackgroundThread$ScheduleNotificationTask -> com.unity.androidnotifications.c$d:
    android.app.Notification$Builder notificationBuilder -> b
    boolean isCustomized -> c
    int notificationId -> a
    boolean isNew -> d
    boolean run(com.unity.androidnotifications.UnityNotificationManager,java.util.concurrent.ConcurrentHashMap) -> a
com.unity.androidnotifications.UnityNotificationBackgroundThread$Task -> com.unity.androidnotifications.c$e:
    boolean run(com.unity.androidnotifications.UnityNotificationManager,java.util.concurrent.ConcurrentHashMap) -> a
com.unity.androidnotifications.UnityNotificationBackgroundThread$Task-IA -> com.unity.androidnotifications.d:
# {"id":"sourceFile","fileName":"R8$$SyntheticClass"}
# {"id":"com.android.tools.r8.synthesized"}